CRITICAL - 2022-03-01 00:40:01 --> The framework needs the following extension(s) installed and loaded: intl.
#0 C:\laragon\www\tareaclase05\system\CodeIgniter.php(219): CodeIgniter\Exceptions\FrameworkException::forMissingExtension('intl')
#1 C:\laragon\www\tareaclase05\system\CodeIgniter.php(177): CodeIgniter\CodeIgniter->resolvePlatformExtensions()
#2 C:\laragon\www\tareaclase05\system\bootstrap.php(146): CodeIgniter\CodeIgniter->initialize()
#3 C:\laragon\www\tareaclase05\public\index.php(28): require('C:\\laragon\\www\\...')
#4 {main}
CRITICAL - 2022-03-01 00:52:59 --> The framework needs the following extension(s) installed and loaded: intl.
#0 C:\laragon\www\tareaclase05\system\CodeIgniter.php(219): CodeIgniter\Exceptions\FrameworkException::forMissingExtension('intl')
#1 C:\laragon\www\tareaclase05\system\CodeIgniter.php(177): CodeIgniter\CodeIgniter->resolvePlatformExtensions()
#2 C:\laragon\www\tareaclase05\system\bootstrap.php(146): CodeIgniter\CodeIgniter->initialize()
#3 C:\laragon\www\tareaclase05\public\index.php(28): require('C:\\laragon\\www\\...')
#4 {main}
CRITICAL - 2022-03-01 00:53:37 --> The framework needs the following extension(s) installed and loaded: intl.
#0 C:\laragon\www\tareaclase05\system\CodeIgniter.php(219): CodeIgniter\Exceptions\FrameworkException::forMissingExtension('intl')
#1 C:\laragon\www\tareaclase05\system\CodeIgniter.php(177): CodeIgniter\CodeIgniter->resolvePlatformExtensions()
#2 C:\laragon\www\tareaclase05\system\bootstrap.php(146): CodeIgniter\CodeIgniter->initialize()
#3 C:\laragon\www\tareaclase05\public\index.php(28): require('C:\\laragon\\www\\...')
#4 {main}
CRITICAL - 2022-03-01 00:53:41 --> The framework needs the following extension(s) installed and loaded: intl.
#0 C:\laragon\www\tareaclase05\system\CodeIgniter.php(219): CodeIgniter\Exceptions\FrameworkException::forMissingExtension('intl')
#1 C:\laragon\www\tareaclase05\system\CodeIgniter.php(177): CodeIgniter\CodeIgniter->resolvePlatformExtensions()
#2 C:\laragon\www\tareaclase05\system\bootstrap.php(146): CodeIgniter\CodeIgniter->initialize()
#3 C:\laragon\www\tareaclase05\public\index.php(28): require('C:\\laragon\\www\\...')
#4 {main}
CRITICAL - 2022-03-01 00:53:54 --> The framework needs the following extension(s) installed and loaded: intl.
#0 C:\laragon\www\tareaclase05\system\CodeIgniter.php(219): CodeIgniter\Exceptions\FrameworkException::forMissingExtension('intl')
#1 C:\laragon\www\tareaclase05\system\CodeIgniter.php(177): CodeIgniter\CodeIgniter->resolvePlatformExtensions()
#2 C:\laragon\www\tareaclase05\system\bootstrap.php(146): CodeIgniter\CodeIgniter->initialize()
#3 C:\laragon\www\tareaclase05\public\index.php(28): require('C:\\laragon\\www\\...')
#4 {main}
CRITICAL - 2022-03-01 00:54:27 --> The framework needs the following extension(s) installed and loaded: intl.
#0 C:\laragon\www\tareaclase05\system\CodeIgniter.php(219): CodeIgniter\Exceptions\FrameworkException::forMissingExtension('intl')
#1 C:\laragon\www\tareaclase05\system\CodeIgniter.php(177): CodeIgniter\CodeIgniter->resolvePlatformExtensions()
#2 C:\laragon\www\tareaclase05\system\bootstrap.php(146): CodeIgniter\CodeIgniter->initialize()
#3 C:\laragon\www\tareaclase05\public\index.php(28): require('C:\\laragon\\www\\...')
#4 {main}
CRITICAL - 2022-03-01 00:57:15 --> The framework needs the following extension(s) installed and loaded: intl.
#0 C:\laragon\www\tareaclase05\system\CodeIgniter.php(219): CodeIgniter\Exceptions\FrameworkException::forMissingExtension('intl')
#1 C:\laragon\www\tareaclase05\system\CodeIgniter.php(177): CodeIgniter\CodeIgniter->resolvePlatformExtensions()
#2 C:\laragon\www\tareaclase05\system\bootstrap.php(146): CodeIgniter\CodeIgniter->initialize()
#3 C:\laragon\www\tareaclase05\public\index.php(28): require('C:\\laragon\\www\\...')
#4 {main}
CRITICAL - 2022-03-01 00:57:50 --> The framework needs the following extension(s) installed and loaded: intl.
#0 C:\laragon\www\tareaclase05\system\CodeIgniter.php(219): CodeIgniter\Exceptions\FrameworkException::forMissingExtension('intl')
#1 C:\laragon\www\tareaclase05\system\CodeIgniter.php(177): CodeIgniter\CodeIgniter->resolvePlatformExtensions()
#2 C:\laragon\www\tareaclase05\system\bootstrap.php(146): CodeIgniter\CodeIgniter->initialize()
#3 C:\laragon\www\tareaclase05\public\index.php(28): require('C:\\laragon\\www\\...')
#4 {main}
CRITICAL - 2022-03-01 00:58:17 --> The framework needs the following extension(s) installed and loaded: intl.
#0 C:\laragon\www\tareaclase05\system\CodeIgniter.php(219): CodeIgniter\Exceptions\FrameworkException::forMissingExtension('intl')
#1 C:\laragon\www\tareaclase05\system\CodeIgniter.php(177): CodeIgniter\CodeIgniter->resolvePlatformExtensions()
#2 C:\laragon\www\tareaclase05\system\bootstrap.php(146): CodeIgniter\CodeIgniter->initialize()
#3 C:\laragon\www\tareaclase05\public\index.php(28): require('C:\\laragon\\www\\...')
#4 {main}
CRITICAL - 2022-03-01 01:06:17 --> The framework needs the following extension(s) installed and loaded: intl.
#0 C:\laragon\www\tareaclase05\system\CodeIgniter.php(219): CodeIgniter\Exceptions\FrameworkException::forMissingExtension('intl')
#1 C:\laragon\www\tareaclase05\system\CodeIgniter.php(177): CodeIgniter\CodeIgniter->resolvePlatformExtensions()
#2 C:\laragon\www\tareaclase05\system\bootstrap.php(146): CodeIgniter\CodeIgniter->initialize()
#3 C:\laragon\www\tareaclase05\public\index.php(28): require('C:\\laragon\\www\\...')
#4 {main}
CRITICAL - 2022-03-01 01:14:20 --> The framework needs the following extension(s) installed and loaded: intl.
#0 C:\laragon\www\tareaclase05\system\CodeIgniter.php(219): CodeIgniter\Exceptions\FrameworkException::forMissingExtension('intl')
#1 C:\laragon\www\tareaclase05\system\CodeIgniter.php(177): CodeIgniter\CodeIgniter->resolvePlatformExtensions()
#2 C:\laragon\www\tareaclase05\system\bootstrap.php(146): CodeIgniter\CodeIgniter->initialize()
#3 C:\laragon\www\tareaclase05\public\index.php(28): require('C:\\laragon\\www\\...')
#4 {main}
CRITICAL - 2022-03-01 01:15:01 --> The framework needs the following extension(s) installed and loaded: intl.
#0 C:\laragon\www\tareaclase05\system\CodeIgniter.php(219): CodeIgniter\Exceptions\FrameworkException::forMissingExtension('intl')
#1 C:\laragon\www\tareaclase05\system\CodeIgniter.php(177): CodeIgniter\CodeIgniter->resolvePlatformExtensions()
#2 C:\laragon\www\tareaclase05\system\bootstrap.php(146): CodeIgniter\CodeIgniter->initialize()
#3 C:\laragon\www\tareaclase05\public\index.php(28): require('C:\\laragon\\www\\...')
#4 {main}
CRITICAL - 2022-03-01 01:21:29 --> The framework needs the following extension(s) installed and loaded: intl.
#0 C:\laragon\www\clase5tarea\system\CodeIgniter.php(219): CodeIgniter\Exceptions\FrameworkException::forMissingExtension('intl')
#1 C:\laragon\www\clase5tarea\system\CodeIgniter.php(177): CodeIgniter\CodeIgniter->resolvePlatformExtensions()
#2 C:\laragon\www\clase5tarea\system\bootstrap.php(146): CodeIgniter\CodeIgniter->initialize()
#3 C:\laragon\www\clase5tarea\public\index.php(28): require('C:\\laragon\\www\\...')
#4 {main}
CRITICAL - 2022-03-01 01:22:00 --> The framework needs the following extension(s) installed and loaded: intl.
#0 C:\laragon\www\clase5tarea\system\CodeIgniter.php(219): CodeIgniter\Exceptions\FrameworkException::forMissingExtension('intl')
#1 C:\laragon\www\clase5tarea\system\CodeIgniter.php(177): CodeIgniter\CodeIgniter->resolvePlatformExtensions()
#2 C:\laragon\www\clase5tarea\system\bootstrap.php(146): CodeIgniter\CodeIgniter->initialize()
#3 C:\laragon\www\clase5tarea\public\index.php(28): require('C:\\laragon\\www\\...')
#4 {main}
CRITICAL - 2022-03-01 01:33:50 --> The framework needs the following extension(s) installed and loaded: intl.
#0 C:\laragon\www\clase5tarea\system\CodeIgniter.php(219): CodeIgniter\Exceptions\FrameworkException::forMissingExtension('intl')
#1 C:\laragon\www\clase5tarea\system\CodeIgniter.php(177): CodeIgniter\CodeIgniter->resolvePlatformExtensions()
#2 C:\laragon\www\clase5tarea\system\bootstrap.php(146): CodeIgniter\CodeIgniter->initialize()
#3 C:\laragon\www\clase5tarea\public\index.php(28): require('C:\\laragon\\www\\...')
#4 {main}
CRITICAL - 2022-03-01 01:34:55 --> The framework needs the following extension(s) installed and loaded: intl.
#0 C:\laragon\www\clase5tarea\system\CodeIgniter.php(219): CodeIgniter\Exceptions\FrameworkException::forMissingExtension('intl')
#1 C:\laragon\www\clase5tarea\system\CodeIgniter.php(177): CodeIgniter\CodeIgniter->resolvePlatformExtensions()
#2 C:\laragon\www\clase5tarea\system\bootstrap.php(146): CodeIgniter\CodeIgniter->initialize()
#3 C:\laragon\www\clase5tarea\public\index.php(28): require('C:\\laragon\\www\\...')
#4 {main}
CRITICAL - 2022-03-01 01:40:46 --> The framework needs the following extension(s) installed and loaded: intl.
#0 C:\laragon\www\clase5tarea\system\CodeIgniter.php(219): CodeIgniter\Exceptions\FrameworkException::forMissingExtension('intl')
#1 C:\laragon\www\clase5tarea\system\CodeIgniter.php(177): CodeIgniter\CodeIgniter->resolvePlatformExtensions()
#2 C:\laragon\www\clase5tarea\system\bootstrap.php(146): CodeIgniter\CodeIgniter->initialize()
#3 C:\laragon\www\clase5tarea\public\index.php(28): require('C:\\laragon\\www\\...')
#4 {main}
CRITICAL - 2022-03-01 01:41:10 --> The framework needs the following extension(s) installed and loaded: intl.
#0 C:\laragon\www\clase5tarea\system\CodeIgniter.php(219): CodeIgniter\Exceptions\FrameworkException::forMissingExtension('intl')
#1 C:\laragon\www\clase5tarea\system\CodeIgniter.php(177): CodeIgniter\CodeIgniter->resolvePlatformExtensions()
#2 C:\laragon\www\clase5tarea\system\bootstrap.php(146): CodeIgniter\CodeIgniter->initialize()
#3 C:\laragon\www\clase5tarea\public\index.php(28): require('C:\\laragon\\www\\...')
#4 {main}
CRITICAL - 2022-03-01 01:51:32 --> The framework needs the following extension(s) installed and loaded: intl.
#0 C:\laragon\www\clase5tarea\system\CodeIgniter.php(219): CodeIgniter\Exceptions\FrameworkException::forMissingExtension('intl')
#1 C:\laragon\www\clase5tarea\system\CodeIgniter.php(177): CodeIgniter\CodeIgniter->resolvePlatformExtensions()
#2 C:\laragon\www\clase5tarea\system\bootstrap.php(146): CodeIgniter\CodeIgniter->initialize()
#3 C:\laragon\www\clase5tarea\public\index.php(28): require('C:\\laragon\\www\\...')
#4 {main}
CRITICAL - 2022-03-01 01:54:41 --> The framework needs the following extension(s) installed and loaded: intl.
#0 C:\laragon\www\clase5tarea\system\CodeIgniter.php(219): CodeIgniter\Exceptions\FrameworkException::forMissingExtension('intl')
#1 C:\laragon\www\clase5tarea\system\CodeIgniter.php(177): CodeIgniter\CodeIgniter->resolvePlatformExtensions()
#2 C:\laragon\www\clase5tarea\system\bootstrap.php(146): CodeIgniter\CodeIgniter->initialize()
#3 C:\laragon\www\clase5tarea\public\index.php(28): require('C:\\laragon\\www\\...')
#4 {main}
CRITICAL - 2022-03-01 01:55:41 --> The framework needs the following extension(s) installed and loaded: intl.
#0 C:\laragon\www\clase5tarea\system\CodeIgniter.php(219): CodeIgniter\Exceptions\FrameworkException::forMissingExtension('intl')
#1 C:\laragon\www\clase5tarea\system\CodeIgniter.php(177): CodeIgniter\CodeIgniter->resolvePlatformExtensions()
#2 C:\laragon\www\clase5tarea\system\bootstrap.php(146): CodeIgniter\CodeIgniter->initialize()
#3 C:\laragon\www\clase5tarea\public\index.php(28): require('C:\\laragon\\www\\...')
#4 {main}
CRITICAL - 2022-03-01 01:56:02 --> The framework needs the following extension(s) installed and loaded: intl.
#0 C:\laragon\www\clase5tarea\system\CodeIgniter.php(219): CodeIgniter\Exceptions\FrameworkException::forMissingExtension('intl')
#1 C:\laragon\www\clase5tarea\system\CodeIgniter.php(177): CodeIgniter\CodeIgniter->resolvePlatformExtensions()
#2 C:\laragon\www\clase5tarea\system\bootstrap.php(146): CodeIgniter\CodeIgniter->initialize()
#3 C:\laragon\www\clase5tarea\public\index.php(28): require('C:\\laragon\\www\\...')
#4 {main}
CRITICAL - 2022-03-01 01:57:35 --> The framework needs the following extension(s) installed and loaded: intl.
#0 C:\laragon\www\clase5tarea\system\CodeIgniter.php(219): CodeIgniter\Exceptions\FrameworkException::forMissingExtension('intl')
#1 C:\laragon\www\clase5tarea\system\CodeIgniter.php(177): CodeIgniter\CodeIgniter->resolvePlatformExtensions()
#2 C:\laragon\www\clase5tarea\system\bootstrap.php(146): CodeIgniter\CodeIgniter->initialize()
#3 C:\laragon\www\clase5tarea\public\index.php(28): require('C:\\laragon\\www\\...')
#4 {main}
CRITICAL - 2022-03-01 01:57:43 --> The framework needs the following extension(s) installed and loaded: intl.
#0 C:\laragon\www\clase5tarea\system\CodeIgniter.php(219): CodeIgniter\Exceptions\FrameworkException::forMissingExtension('intl')
#1 C:\laragon\www\clase5tarea\system\CodeIgniter.php(177): CodeIgniter\CodeIgniter->resolvePlatformExtensions()
#2 C:\laragon\www\clase5tarea\system\bootstrap.php(146): CodeIgniter\CodeIgniter->initialize()
#3 C:\laragon\www\clase5tarea\public\index.php(28): require('C:\\laragon\\www\\...')
#4 {main}
CRITICAL - 2022-03-01 02:22:39 --> The framework needs the following extension(s) installed and loaded: intl.
#0 C:\laragon\www\clase5tarea\system\CodeIgniter.php(219): CodeIgniter\Exceptions\FrameworkException::forMissingExtension('intl')
#1 C:\laragon\www\clase5tarea\system\CodeIgniter.php(177): CodeIgniter\CodeIgniter->resolvePlatformExtensions()
#2 C:\laragon\www\clase5tarea\system\bootstrap.php(146): CodeIgniter\CodeIgniter->initialize()
#3 C:\laragon\www\clase5tarea\public\index.php(28): require('C:\\laragon\\www\\...')
#4 {main}
CRITICAL - 2022-03-01 02:23:44 --> The framework needs the following extension(s) installed and loaded: intl.
#0 C:\laragon\www\clase5tarea\system\CodeIgniter.php(219): CodeIgniter\Exceptions\FrameworkException::forMissingExtension('intl')
#1 C:\laragon\www\clase5tarea\system\CodeIgniter.php(177): CodeIgniter\CodeIgniter->resolvePlatformExtensions()
#2 C:\laragon\www\clase5tarea\system\bootstrap.php(146): CodeIgniter\CodeIgniter->initialize()
#3 C:\laragon\www\clase5tarea\public\index.php(28): require('C:\\laragon\\www\\...')
#4 {main}
CRITICAL - 2022-03-01 02:25:06 --> The framework needs the following extension(s) installed and loaded: intl.
#0 C:\laragon\www\clase5tarea\system\CodeIgniter.php(219): CodeIgniter\Exceptions\FrameworkException::forMissingExtension('intl')
#1 C:\laragon\www\clase5tarea\system\CodeIgniter.php(177): CodeIgniter\CodeIgniter->resolvePlatformExtensions()
#2 C:\laragon\www\clase5tarea\system\bootstrap.php(146): CodeIgniter\CodeIgniter->initialize()
#3 C:\laragon\www\clase5tarea\public\index.php(28): require('C:\\laragon\\www\\...')
#4 {main}
CRITICAL - 2022-03-01 02:26:52 --> The framework needs the following extension(s) installed and loaded: intl.
#0 C:\laragon\www\clase5tarea\system\CodeIgniter.php(219): CodeIgniter\Exceptions\FrameworkException::forMissingExtension('intl')
#1 C:\laragon\www\clase5tarea\system\CodeIgniter.php(177): CodeIgniter\CodeIgniter->resolvePlatformExtensions()
#2 C:\laragon\www\clase5tarea\system\bootstrap.php(146): CodeIgniter\CodeIgniter->initialize()
#3 C:\laragon\www\clase5tarea\public\index.php(28): require('C:\\laragon\\www\\...')
#4 {main}
